<?xml version="1.0" encoding="UTF-8"?>
<!-- Generated by org.testng.reporters.JUnitReportReporter -->
<testsuite skipped="0" hostname="modukuru" name="com.git.TestGIT" tests="1" failures="0" timestamp="08 Aug 2017 16:09:35 GMT" time="18.046" errors="0">
  <testcase name="Login" time="18.046" classname="com.git.TestGIT"/>
</testsuite> <!-- com.git.TestGIT -->
